#
# There is insufficient memory for the Java Runtime Environment to continue.
# Native memory allocation (mmap) failed to map 266338304 bytes for Failed to commit area from 0x0000000702800000 to 0x0000000712600000 of length 266338304.
# Possible reasons:
#   The system is out of physical RAM or swap space
#   The process is running with CompressedOops enabled, and the Java Heap may be blocking the growth of the native heap
# Possible solutions:
#   Reduce memory load on the system
#   Increase physical memory or swap space
#   Check if swap backing store is full
#   Decrease Java heap size (-Xmx/-Xms)
#   Decrease number of Java threads
#   Decrease Java thread stack sizes (-Xss)
#   Set larger code cache with -XX:ReservedCodeCacheSize=
# This output file may be truncated or incomplete.
#
#  Out of Memory Error (./src/hotspot/os/windows/os_windows.cpp:3619), pid=6632, tid=7004
#
# JRE version:  (11.0.13) (build )
# Java VM: OpenJDK 64-Bit Server VM (11.0.13+0-b1751.21-8125866, mixed mode, sharing, tiered, compressed oops, g1 gc, windows-amd64)
# No core dump will be written. Minidumps are not enabled by default on client versions of Windows
#

---------------  S U M M A R Y ------------

Command Line: 

Host: Intel(R) Core(TM) i7-10750H CPU @ 2.60GHz, 12 cores, 15G,  Windows 10 , 64 bit Build 19041 (10.0.19041.3636)
Time: Mon Apr  1 16:08:39 2024 Turkey Standard Time elapsed time: 0.011437 seconds (0d 0h 0m 0s)

---------------  T H R E A D  ---------------

Current thread (0x0000021775434000):  JavaThread "Unknown thread" [_thread_in_vm, id=7004, stack(0x000000a41a200000,0x000000a41a300000)]

Stack: [0x000000a41a200000,0x000000a41a300000]
Native frames: (J=compiled Java code, j=interpreted, Vv=VM code, C=native code)
V  [jvm.dll+0x6100fa]
V  [jvm.dll+0x747090]
V  [jvm.dll+0x7486ad]
V  [jvm.dll+0x748d83]
V  [jvm.dll+0x24ab48]
V  [jvm.dll+0x60d164]
V  [jvm.dll+0x601e75]
V  [jvm.dll+0x308bdb]
V  [jvm.dll+0x308b4a]
V  [jvm.dll+0x308a22]
V  [jvm.dll+0x30d986]
V  [jvm.dll+0x357093]
V  [jvm.dll+0x357796]
V  [jvm.dll+0x357193]
V  [jvm.dll+0x2e3448]
V  [jvm.dll+0x2e45f7]
V  [jvm.dll+0x7242e7]
V  [jvm.dll+0x725adc]
V  [jvm.dll+0x364629]
V  [jvm.dll+0x707cee]
V  [jvm.dll+0x3d2633]
V  [jvm.dll+0x3d4a21]
C  [jli.dll+0x536b]
C  [ucrtbase.dll+0x21bb2]
C  [KERNEL32.DLL+0x17344]
C  [ntdll.dll+0x526b1]


---------------  P R O C E S S  ---------------

Threads class SMR info:
_java_thread_list=0x0000021773245990, length=0, elements={
}

Java Threads: ( => current thread )

Other Threads:
  0x000002177544d000 GCTaskThread "GC Thread#0" [stack: 0x000000a41a300000,0x000000a41a400000] [id=9780]
  0x00000217754a8800 ConcurrentGCThread "G1 Main Marker" [stack: 0x000000a41a400000,0x000000a41a500000] [id=9060]
  0x00000217754ab000 ConcurrentGCThread "G1 Conc#0" [stack: 0x000000a41a500000,0x000000a41a600000] [id=15776]

[error occurred during error reporting (printing all threads), id 0xc0000005, EXCEPTION_ACCESS_VIOLATION (0xc0000005) at pc=0x00007ff8feea3dd7]

VM state:not at safepoint (not fully initialized)

VM Mutex/Monitor currently owned by a thread:  ([mutex/lock_event])
[0x0000021775431710] Heap_lock - owner thread: 0x0000021775434000

Heap address: 0x0000000702800000, size: 4056 MB, Compressed Oops mode: Non-zero based: 0x0000000702800000
Narrow klass base: 0x0000000000000000, Narrow klass shift: 0

GC Heap History (0 events):
No events

Deoptimization events (0 events):
No events

Classes redefined (0 events):
No events

Internal exceptions (0 events):
No events

Events (1 events):
Event: 0.007 Loaded shared library C:\Program Files\Android\Android Studio\jre\bin\zip.dll


Dynamic libraries:
0x00007ff6580e0000 - 0x00007ff6580ea000 	C:\Program Files\Android\Android Studio\jre\bin\java.EXE
0x00007ff9876d0000 - 0x00007ff9878c8000 	C:\Windows\SYSTEM32\ntdll.dll
0x00007ff986070000 - 0x00007ff98612d000 	C:\Windows\System32\KERNEL32.DLL
0x00007ff985150000 - 0x00007ff985446000 	C:\Windows\System32\KERNELBASE.dll
0x00007ff984fb0000 - 0x00007ff9850b0000 	C:\Windows\System32\ucrtbase.dll
0x00007ff8a0740000 - 0x00007ff8a0759000 	C:\Program Files\Android\Android Studio\jre\bin\jli.dll
0x00007ff8a0720000 - 0x00007ff8a0737000 	C:\Program Files\Android\Android Studio\jre\bin\VCRUNTIME140.dll
0x00007ff986600000 - 0x00007ff98679e000 	C:\Windows\System32\USER32.dll
0x00007ff984f30000 - 0x00007ff984f52000 	C:\Windows\System32\win32u.dll
0x00007ff96e460000 - 0x00007ff96e6fa000 	C:\Windows\WinSxS\amd64_microsoft.windows.common-controls_6595b64144ccf1df_6.0.19041.3636_none_60b6a03d71f818d5\COMCTL32.dll
0x00007ff9872f0000 - 0x00007ff98731b000 	C:\Windows\System32\GDI32.dll
0x00007ff984e10000 - 0x00007ff984f27000 	C:\Windows\System32\gdi32full.dll
0x00007ff985660000 - 0x00007ff9856fd000 	C:\Windows\System32\msvcp_win.dll
0x00007ff987530000 - 0x00007ff9875ce000 	C:\Windows\System32\msvcrt.dll
0x00007ff9858b0000 - 0x00007ff9858e2000 	C:\Windows\System32\IMM32.DLL
0x00007ff89ded0000 - 0x00007ff89df6d000 	C:\Program Files\Android\Android Studio\jre\bin\msvcp140.dll
0x00007ff8febb0000 - 0x00007ff8ff6b2000 	C:\Program Files\Android\Android Studio\jre\bin\server\jvm.dll
0x00007ff986b00000 - 0x00007ff986bb0000 	C:\Windows\System32\ADVAPI32.dll
0x00007ff985810000 - 0x00007ff9858b0000 	C:\Windows\System32\sechost.dll
0x00007ff987320000 - 0x00007ff987445000 	C:\Windows\System32\RPCRT4.dll
0x00007ff9850b0000 - 0x00007ff9850d7000 	C:\Windows\System32\bcrypt.dll
0x00007ff9871c0000 - 0x00007ff9871c8000 	C:\Windows\System32\PSAPI.DLL
0x00007ff962860000 - 0x00007ff962869000 	C:\Windows\SYSTEM32\WSOCK32.dll
0x00007ff972920000 - 0x00007ff972947000 	C:\Windows\SYSTEM32\WINMM.dll
0x00007ff974640000 - 0x00007ff97464a000 	C:\Windows\SYSTEM32\VERSION.dll
0x00007ff9862b0000 - 0x00007ff98631b000 	C:\Windows\System32\WS2_32.dll
0x00007ff982e10000 - 0x00007ff982e22000 	C:\Windows\SYSTEM32\kernel.appcore.dll
0x00007ff974490000 - 0x00007ff9744a1000 	C:\Program Files\Android\Android Studio\jre\bin\verify.dll
0x00007ff982a50000 - 0x00007ff982c34000 	C:\Windows\SYSTEM32\DBGHELP.DLL
0x00007ff95d9d0000 - 0x00007ff95da04000 	C:\Windows\SYSTEM32\dbgcore.DLL
0x00007ff984d80000 - 0x00007ff984e02000 	C:\Windows\System32\bcryptPrimitives.dll
0x00007ff902a80000 - 0x00007ff902aa9000 	C:\Program Files\Android\Android Studio\jre\bin\java.dll
0x00007ff97c4b0000 - 0x00007ff97c4bb000 	C:\Program Files\Android\Android Studio\jre\bin\jimage.dll
0x00007ff9330d0000 - 0x00007ff9330e8000 	C:\Program Files\Android\Android Studio\jre\bin\zip.dll

dbghelp: loaded successfully - version: 4.0.5 - missing functions: none
symbol engine: initialized successfully - sym options: 0x614 - pdb path: .;C:\Program Files\Android\Android Studio\jre\bin;C:\Windows\SYSTEM32;C:\Windows\WinSxS\amd64_microsoft.windows.common-controls_6595b64144ccf1df_6.0.19041.3636_none_60b6a03d71f818d5;C:\Program Files\Android\Android Studio\jre\bin\server

VM Arguments:
java_command: <unknown>
java_class_path (initial): <not set>
Launcher Type: SUN_STANDARD

[Global flags]
     intx CICompilerCount                          = 4                                         {product} {ergonomic}
     uint ConcGCThreads                            = 3                                         {product} {ergonomic}
     uint G1ConcRefinementThreads                  = 10                                        {product} {ergonomic}
   size_t G1HeapRegionSize                         = 1048576                                   {product} {ergonomic}
    uintx GCDrainStackTargetSize                   = 64                                        {product} {ergonomic}
   size_t InitialHeapSize                          = 266338304                                 {product} {ergonomic}
   size_t MarkStackSize                            = 4194304                                   {product} {ergonomic}
   size_t MaxHeapSize                              = 4253024256                                {product} {ergonomic}
   size_t MinHeapDeltaBytes                        = 1048576                                   {product} {ergonomic}
    uintx NonNMethodCodeHeapSize                   = 5836300                                {pd product} {ergonomic}
    uintx NonProfiledCodeHeapSize                  = 122910970                              {pd product} {ergonomic}
    uintx ProfiledCodeHeapSize                     = 122910970                              {pd product} {ergonomic}
    uintx ReservedCodeCacheSize                    = 251658240                              {pd product} {ergonomic}
     bool SegmentedCodeCache                       = true                                      {product} {ergonomic}
     bool UseCompressedClassPointers               = true                                 {lp64_product} {ergonomic}
     bool UseCompressedOops                        = true                                 {lp64_product} {ergonomic}
     bool UseG1GC                                  = true                                      {product} {ergonomic}
     bool UseLargePagesIndividualAllocation        = false                                  {pd product} {ergonomic}

Logging:
Log output configuration:
 #0: stdout all=warning uptime,level,tags
 #1: stderr all=off uptime,level,tags

Environment Variables:
JAVA_HOME=C:\Program Files\Android\Android Studio\jre
PATH=C:\Program Files\Common Files\Oracle\Java\javapath;C:\Program Files (x86)\Common Files\Oracle\Java\javapath;C:\Program Files (x86)\VMware\VMware Player\bin\;C:\Windows\system32;C:\Windows;C:\Windows\System32\Wbem;C:\Windows\System32\WindowsPowerShell\v1.0\;C:\Windows\System32\OpenSSH\;C:\Program Files (x86)\NVIDIA Corporation\PhysX\Common;C:\Program Files\NVIDIA Corporation\NVIDIA NvDLISR;C:\Program Files\dotnet\;C:\Program Files\Microsoft SQL Server\Client SDK\ODBC\170\Tools\Binn\;C:\Program Files (x86)\Microsoft SQL Server\150\DTS\Binn\;C:\Program Files (x86)\dotnet\;C:\Program Files\Microsoft SQL Server\Client SDK\ODBC\110\Tools\Binn\;C:\Program Files (x86)\Microsoft SQL Server\120\Tools\Binn\;C:\Program Files\Microsoft SQL Server\120\Tools\Binn\;C:\Program Files\Microsoft SQL Server\120\DTS\Binn\;C:\Program Files\Git\cmd;C:\Program Files\MATLAB\R2022b\bin;C:\Program Files\Microsoft SQL Server\130\Tools\Binn\;C:\src\flutter\flutter\bin;C:\Users\erdmg\AppData\Local\Pub\Cache\bin;"C:\Users\erdmg\AppData\Roaming\npm;";"C:\Program Files\Java\jre1.8.0_341\bin;";C:\Program Files\Android\Android Studio\jre;C:\Program Files\nodejs\;C:\wamp64\bin\php\php5.6.40;C:\ProgramData\ComposerSetup\bin;C:\Program Files\Microsoft SQL Server\150\Tools\Binn\;C:\Program Files (x86)\Windows Kits\10\Windows Performance Toolkit\;C:\Gradle\gradle-8.6\bin;C:\Users\erdmg\AppData\Local\Programs\Python\Python312\Scripts\;C:\Users\erdmg\AppData\Local\Programs\Python\Python312\;C:\Users\erdmg\AppData\Local\Pub\Cache\bin;C:\Program Files\Java\jre1.8.0_341\bin;C:\Program Files\Android\Android Studio\jre;C:\Users\erdmg\AppData\Roaming\npm;C:\Users\erdmg\AppData\Local\Programs\Microsoft VS Code\bin;C:\Users\erdmg\AppData\Local\Programs\Azure Data Studio\bin;C:\Users\erdmg\AppData\Roaming\Composer\vendor\bin;C:\Program Files (x86)\dotnet;C:\Users\erdmg\.dotnet\tools;C:\Gradle\gradle-8.6\bin;;C:\src\flutter\flutter\bin\mingit\cmd
USERNAME=erdmg
OS=Windows_NT
PROCESSOR_IDENTIFIER=Intel64 Family 6 Model 165 Stepping 2, GenuineIntel



---------------  S Y S T E M  ---------------

OS: Windows 10 , 64 bit Build 19041 (10.0.19041.3636)
OS uptime: 0 days 7:04 hours

CPU:total 12 (initial active 12) (6 cores per cpu, 2 threads per core) family 6 model 165 stepping 2 microcode 0xc6, cmov, cx8, fxsr, mmx, sse, sse2, sse3, ssse3, sse4.1, sse4.2, popcnt, avx, avx2, aes, clmul, erms, 3dnowpref, lzcnt, ht, tsc, tscinvbit, bmi1, bmi2, adx, fma

Memory: 4k page, system-wide physical 16221M (80M free)
TotalPageFile size 64221M (AvailPageFile size 11M)
current process WorkingSet (physical memory assigned to process): 10M, peak: 10M
current process commit charge ("private bytes"): 64M, peak: 318M

vm_info: OpenJDK 64-Bit Server VM (11.0.13+0-b1751.21-8125866) for windows-amd64 JRE (11.0.13+0-b1751.21-8125866), built on Feb  2 2022 03:00:22 by "builder" with MS VC++ 14.0 (VS2015)

END.
